Sun, 09 Apr 2017 17:51:21 controller.py [line:43] INFO The DownloadManager Start.
Sun, 09 Apr 2017 17:51:21 controller.py [line:57] INFO Establish table for stock 603069, download processing will start soon.
Sun, 09 Apr 2017 17:51:21 stockpool.py [line:61] DEBUG Try to get 603069 date information.
Sun, 09 Apr 2017 17:51:24 collector.py [line:27] DEBUG success getting 603069 data in 2016-07-22.
Sun, 09 Apr 2017 17:51:24 collector.py [line:27] DEBUG success getting 603069 data in 2016-07-27.
Sun, 09 Apr 2017 17:51:24 collector.py [line:27] DEBUG success getting 603069 data in 2016-07-14.
Sun, 09 Apr 2017 17:51:24 collector.py [line:27] DEBUG success getting 603069 data in 2016-07-12.
Sun, 09 Apr 2017 17:51:24 collector.py [line:27] DEBUG success getting 603069 data in 2016-07-29.
Sun, 09 Apr 2017 17:51:24 collector.py [line:27] DEBUG success getting 603069 data in 2016-07-13.
Sun, 09 Apr 2017 17:51:25 collector.py [line:27] DEBUG success getting 603069 data in 2016-07-21.
Sun, 09 Apr 2017 17:51:25 collector.py [line:27] DEBUG success getting 603069 data in 2016-07-15.
Sun, 09 Apr 2017 17:51:27 collector.py [line:27] DEBUG success getting 603069 data in 2016-08-08.
Sun, 09 Apr 2017 17:51:28 collector.py [line:27] DEBUG success getting 603069 data in 2016-07-18.
Sun, 09 Apr 2017 17:51:28 collector.py [line:27] DEBUG success getting 603069 data in 2016-08-01.
Sun, 09 Apr 2017 17:51:28 collector.py [line:27] DEBUG success getting 603069 data in 2016-08-02.
Sun, 09 Apr 2017 17:51:28 collector.py [line:27] DEBUG success getting 603069 data in 2016-08-03.
Sun, 09 Apr 2017 17:51:29 collector.py [line:27] DEBUG success getting 603069 data in 2016-08-09.
Sun, 09 Apr 2017 17:51:33 collector.py [line:27] DEBUG success getting 603069 data in 2016-07-20.
Sun, 09 Apr 2017 17:51:33 collector.py [line:27] DEBUG success getting 603069 data in 2016-07-25.
Sun, 09 Apr 2017 17:51:36 collector.py [line:27] DEBUG success getting 603069 data in 2016-07-28.
Sun, 09 Apr 2017 17:51:38 collector.py [line:27] DEBUG success getting 603069 data in 2016-08-22.
Sun, 09 Apr 2017 17:51:42 collector.py [line:27] DEBUG success getting 603069 data in 2016-07-19.
Sun, 09 Apr 2017 17:51:43 collector.py [line:27] DEBUG success getting 603069 data in 2016-08-24.
Sun, 09 Apr 2017 17:51:44 collector.py [line:27] DEBUG success getting 603069 data in 2016-08-25.
Sun, 09 Apr 2017 17:51:45 collector.py [line:27] DEBUG success getting 603069 data in 2016-08-15.
Sun, 09 Apr 2017 17:51:48 collector.py [line:27] DEBUG success getting 603069 data in 2016-07-26.
Sun, 09 Apr 2017 17:51:51 collector.py [line:27] DEBUG success getting 603069 data in 2016-08-29.
Sun, 09 Apr 2017 17:51:51 collector.py [line:27] DEBUG success getting 603069 data in 2016-09-02.
Sun, 09 Apr 2017 17:51:52 collector.py [line:27] DEBUG success getting 603069 data in 2016-09-08.
Sun, 09 Apr 2017 17:51:54 collector.py [line:27] DEBUG success getting 603069 data in 2016-08-05.
Sun, 09 Apr 2017 17:51:56 collector.py [line:27] DEBUG success getting 603069 data in 2016-09-13.
Sun, 09 Apr 2017 17:51:59 collector.py [line:27] DEBUG success getting 603069 data in 2016-08-12.
Sun, 09 Apr 2017 17:52:02 collector.py [line:27] DEBUG success getting 603069 data in 2016-08-30.
Sun, 09 Apr 2017 17:52:03 collector.py [line:27] DEBUG success getting 603069 data in 2016-08-23.
Sun, 09 Apr 2017 17:52:03 collector.py [line:27] DEBUG success getting 603069 data in 2016-08-11.
Sun, 09 Apr 2017 17:52:04 collector.py [line:27] DEBUG success getting 603069 data in 2016-09-07.
Sun, 09 Apr 2017 17:52:04 collector.py [line:27] DEBUG success getting 603069 data in 2016-08-19.
Sun, 09 Apr 2017 17:52:06 collector.py [line:27] DEBUG success getting 603069 data in 2016-08-16.
Sun, 09 Apr 2017 17:52:06 collector.py [line:27] DEBUG success getting 603069 data in 2016-09-12.
Sun, 09 Apr 2017 17:52:09 collector.py [line:27] DEBUG success getting 603069 data in 2016-09-19.
Sun, 09 Apr 2017 17:52:09 collector.py [line:27] DEBUG success getting 603069 data in 2016-09-20.
Sun, 09 Apr 2017 17:52:11 collector.py [line:27] DEBUG success getting 603069 data in 2016-09-21.
Sun, 09 Apr 2017 17:52:11 collector.py [line:27] DEBUG success getting 603069 data in 2016-09-27.
Sun, 09 Apr 2017 17:52:11 collector.py [line:27] DEBUG success getting 603069 data in 2016-09-15.
Sun, 09 Apr 2017 17:52:12 collector.py [line:27] DEBUG success getting 603069 data in 2016-09-28.
Sun, 09 Apr 2017 17:52:14 collector.py [line:27] DEBUG success getting 603069 data in 2016-10-04.
Sun, 09 Apr 2017 17:52:15 collector.py [line:27] DEBUG success getting 603069 data in 2016-09-05.
Sun, 09 Apr 2017 17:52:15 collector.py [line:27] DEBUG success getting 603069 data in 2016-09-30.
Sun, 09 Apr 2017 17:52:15 collector.py [line:27] DEBUG success getting 603069 data in 2016-08-10.
Sun, 09 Apr 2017 17:52:18 collector.py [line:27] DEBUG success getting 603069 data in 2016-09-29.
Sun, 09 Apr 2017 17:52:19 collector.py [line:27] DEBUG success getting 603069 data in 2016-10-11.
Sun, 09 Apr 2017 17:52:19 collector.py [line:27] DEBUG success getting 603069 data in 2016-09-09.
Sun, 09 Apr 2017 17:52:20 collector.py [line:27] DEBUG success getting 603069 data in 2016-08-18.
Sun, 09 Apr 2017 17:52:21 collector.py [line:27] DEBUG success getting 603069 data in 2016-10-10.
Sun, 09 Apr 2017 17:52:23 collector.py [line:27] DEBUG success getting 603069 data in 2016-10-06.
Sun, 09 Apr 2017 17:52:23 collector.py [line:27] DEBUG success getting 603069 data in 2016-08-26.
Sun, 09 Apr 2017 17:52:23 collector.py [line:27] DEBUG success getting 603069 data in 2016-10-07.
Sun, 09 Apr 2017 17:52:25 collector.py [line:27] DEBUG success getting 603069 data in 2016-10-17.
Sun, 09 Apr 2017 17:52:25 collector.py [line:27] DEBUG success getting 603069 data in 2016-09-23.
Sun, 09 Apr 2017 17:52:26 collector.py [line:27] DEBUG success getting 603069 data in 2016-08-04.
Sun, 09 Apr 2017 17:52:26 collector.py [line:27] DEBUG success getting 603069 data in 2016-10-14.
Sun, 09 Apr 2017 17:52:26 collector.py [line:27] DEBUG success getting 603069 data in 2016-10-03.
Sun, 09 Apr 2017 17:52:27 collector.py [line:27] DEBUG success getting 603069 data in 2016-09-16.
Sun, 09 Apr 2017 17:52:29 collector.py [line:27] DEBUG success getting 603069 data in 2016-10-18.
Sun, 09 Apr 2017 17:52:30 collector.py [line:27] DEBUG success getting 603069 data in 2016-09-01.
Sun, 09 Apr 2017 17:52:31 collector.py [line:27] DEBUG success getting 603069 data in 2016-10-27.
Sun, 09 Apr 2017 17:52:32 collector.py [line:27] DEBUG success getting 603069 data in 2016-10-25.
Sun, 09 Apr 2017 17:52:32 collector.py [line:27] DEBUG success getting 603069 data in 2016-10-20.
Sun, 09 Apr 2017 17:52:33 collector.py [line:27] DEBUG success getting 603069 data in 2016-10-05.
Sun, 09 Apr 2017 17:52:34 collector.py [line:27] DEBUG success getting 603069 data in 2016-09-22.
Sun, 09 Apr 2017 17:52:35 collector.py [line:27] DEBUG success getting 603069 data in 2016-10-28.
Sun, 09 Apr 2017 17:52:36 collector.py [line:27] DEBUG success getting 603069 data in 2016-11-02.
Sun, 09 Apr 2017 17:52:38 collector.py [line:27] DEBUG success getting 603069 data in 2016-11-03.
Sun, 09 Apr 2017 17:52:38 collector.py [line:27] DEBUG success getting 603069 data in 2016-11-01.
Sun, 09 Apr 2017 17:52:40 collector.py [line:27] DEBUG success getting 603069 data in 2016-11-09.
Sun, 09 Apr 2017 17:52:43 collector.py [line:27] DEBUG success getting 603069 data in 2016-10-12.
Sun, 09 Apr 2017 17:52:44 collector.py [line:27] DEBUG success getting 603069 data in 2016-09-26.
Sun, 09 Apr 2017 17:52:44 collector.py [line:27] DEBUG success getting 603069 data in 2016-08-17.
Sun, 09 Apr 2017 17:52:46 collector.py [line:27] DEBUG success getting 603069 data in 2016-08-31.
Sun, 09 Apr 2017 17:52:51 collector.py [line:27] DEBUG success getting 603069 data in 2016-10-21.
Sun, 09 Apr 2017 17:52:51 collector.py [line:27] DEBUG success getting 603069 data in 2016-11-17.
Sun, 09 Apr 2017 17:52:52 collector.py [line:27] DEBUG success getting 603069 data in 2016-10-24.
Sun, 09 Apr 2017 17:52:53 collector.py [line:27] DEBUG success getting 603069 data in 2016-11-07.
Sun, 09 Apr 2017 17:52:53 collector.py [line:27] DEBUG success getting 603069 data in 2016-11-14.
Sun, 09 Apr 2017 17:52:54 collector.py [line:27] DEBUG success getting 603069 data in 2016-11-11.
Sun, 09 Apr 2017 17:52:55 collector.py [line:27] DEBUG success getting 603069 data in 2016-10-26.
Sun, 09 Apr 2017 17:52:56 collector.py [line:27] DEBUG success getting 603069 data in 2016-11-15.
Sun, 09 Apr 2017 17:52:57 collector.py [line:27] DEBUG success getting 603069 data in 2016-11-10.
Sun, 09 Apr 2017 17:52:58 collector.py [line:27] DEBUG success getting 603069 data in 2016-11-28.
Sun, 09 Apr 2017 17:52:58 collector.py [line:27] DEBUG success getting 603069 data in 2016-11-25.
Sun, 09 Apr 2017 17:52:58 collector.py [line:27] DEBUG success getting 603069 data in 2016-11-29.
Sun, 09 Apr 2017 17:52:59 collector.py [line:27] DEBUG success getting 603069 data in 2016-11-16.
Sun, 09 Apr 2017 17:53:00 collector.py [line:27] DEBUG success getting 603069 data in 2016-11-18.
Sun, 09 Apr 2017 17:53:01 collector.py [line:27] DEBUG success getting 603069 data in 2016-12-07.
Sun, 09 Apr 2017 17:53:03 collector.py [line:27] DEBUG success getting 603069 data in 2016-12-02.
Sun, 09 Apr 2017 17:53:03 collector.py [line:27] DEBUG success getting 603069 data in 2016-09-14.
Sun, 09 Apr 2017 17:53:04 collector.py [line:27] DEBUG success getting 603069 data in 2016-12-06.
Sun, 09 Apr 2017 17:53:05 collector.py [line:27] DEBUG success getting 603069 data in 2016-11-30.
Sun, 09 Apr 2017 17:53:05 collector.py [line:27] DEBUG success getting 603069 data in 2016-10-13.
Sun, 09 Apr 2017 17:53:06 collector.py [line:27] DEBUG success getting 603069 data in 2016-10-31.
Sun, 09 Apr 2017 17:53:07 collector.py [line:27] DEBUG success getting 603069 data in 2016-11-21.
Sun, 09 Apr 2017 17:53:08 collector.py [line:27] DEBUG success getting 603069 data in 2016-11-23.
Sun, 09 Apr 2017 17:53:09 collector.py [line:27] DEBUG success getting 603069 data in 2016-12-20.
Sun, 09 Apr 2017 17:53:10 collector.py [line:33] ERROR IOError: tushare get_tick_data function failed. info: 获取失败，请检查网络和URL
Sun, 09 Apr 2017 17:53:13 collector.py [line:27] DEBUG success getting 603069 data in 2016-10-19.
Sun, 09 Apr 2017 17:53:14 collector.py [line:27] DEBUG success getting 603069 data in 2016-12-08.
Sun, 09 Apr 2017 17:53:15 collector.py [line:27] DEBUG success getting 603069 data in 2016-12-21.
Sun, 09 Apr 2017 17:53:17 collector.py [line:27] DEBUG success getting 603069 data in 2016-12-13.
Sun, 09 Apr 2017 17:53:17 collector.py [line:27] DEBUG success getting 603069 data in 2016-12-29.
Sun, 09 Apr 2017 17:53:19 collector.py [line:27] DEBUG success getting 603069 data in 2016-12-26.
Sun, 09 Apr 2017 17:53:19 collector.py [line:27] DEBUG success getting 603069 data in 2016-12-30.
Sun, 09 Apr 2017 17:53:20 collector.py [line:27] DEBUG success getting 603069 data in 2016-12-28.
Sun, 09 Apr 2017 17:53:21 collector.py [line:27] DEBUG success getting 603069 data in 2016-12-27.
Sun, 09 Apr 2017 17:53:21 collector.py [line:27] DEBUG success getting 603069 data in 2017-01-03.
Sun, 09 Apr 2017 17:53:22 collector.py [line:27] DEBUG success getting 603069 data in 2016-12-15.
Sun, 09 Apr 2017 17:53:24 collector.py [line:33] ERROR IOError: tushare get_tick_data function failed. info: 获取失败，请检查网络和URL
Sun, 09 Apr 2017 17:53:25 collector.py [line:27] DEBUG success getting 603069 data in 2017-01-04.
Sun, 09 Apr 2017 17:53:25 collector.py [line:27] DEBUG success getting 603069 data in 2016-12-19.
Sun, 09 Apr 2017 17:53:27 collector.py [line:27] DEBUG success getting 603069 data in 2017-01-10.
Sun, 09 Apr 2017 17:53:27 collector.py [line:27] DEBUG success getting 603069 data in 2016-12-14.
Sun, 09 Apr 2017 17:53:28 collector.py [line:27] DEBUG success getting 603069 data in 2016-12-09.
Sun, 09 Apr 2017 17:53:28 collector.py [line:27] DEBUG success getting 603069 data in 2017-01-12.
Sun, 09 Apr 2017 17:53:30 collector.py [line:27] DEBUG success getting 603069 data in 2016-11-04.
Sun, 09 Apr 2017 17:53:31 collector.py [line:27] DEBUG success getting 603069 data in 2016-12-16.
Sun, 09 Apr 2017 17:53:32 collector.py [line:27] DEBUG success getting 603069 data in 2017-01-02.
Sun, 09 Apr 2017 17:53:32 collector.py [line:27] DEBUG success getting 603069 data in 2017-01-19.
Sun, 09 Apr 2017 17:53:33 collector.py [line:27] DEBUG success getting 603069 data in 2017-01-17.
Sun, 09 Apr 2017 17:53:33 collector.py [line:27] DEBUG success getting 603069 data in 2016-11-22.
Sun, 09 Apr 2017 17:53:35 collector.py [line:27] DEBUG success getting 603069 data in 2017-01-11.
Sun, 09 Apr 2017 17:53:36 collector.py [line:27] DEBUG success getting 603069 data in 2017-01-27.
Sun, 09 Apr 2017 17:53:37 collector.py [line:27] DEBUG success getting 603069 data in 2017-01-23.
Sun, 09 Apr 2017 17:53:37 collector.py [line:27] DEBUG success getting 603069 data in 2017-01-26.
Sun, 09 Apr 2017 17:53:38 collector.py [line:27] DEBUG success getting 603069 data in 2017-01-20.
Sun, 09 Apr 2017 17:53:38 collector.py [line:27] DEBUG success getting 603069 data in 2017-01-06.
Sun, 09 Apr 2017 17:53:39 collector.py [line:27] DEBUG success getting 603069 data in 2017-01-24.
Sun, 09 Apr 2017 17:53:39 collector.py [line:27] DEBUG success getting 603069 data in 2017-01-30.
Sun, 09 Apr 2017 17:53:39 collector.py [line:27] DEBUG success getting 603069 data in 2017-02-02.
Sun, 09 Apr 2017 17:53:39 collector.py [line:27] DEBUG success getting 603069 data in 2017-01-18.
Sun, 09 Apr 2017 17:53:41 collector.py [line:27] DEBUG success getting 603069 data in 2016-12-12.
Sun, 09 Apr 2017 17:53:45 collector.py [line:27] DEBUG success getting 603069 data in 2017-01-16.
Sun, 09 Apr 2017 17:53:46 collector.py [line:27] DEBUG success getting 603069 data in 2017-02-03.
Sun, 09 Apr 2017 17:53:47 collector.py [line:27] DEBUG success getting 603069 data in 2016-12-22.
Sun, 09 Apr 2017 17:53:47 collector.py [line:27] DEBUG success getting 603069 data in 2017-02-08.
Sun, 09 Apr 2017 17:53:49 collector.py [line:27] DEBUG success getting 603069 data in 2017-01-31.
Sun, 09 Apr 2017 17:53:50 collector.py [line:33] ERROR IOError: tushare get_tick_data function failed. info: 获取失败，请检查网络和URL
Sun, 09 Apr 2017 17:53:50 collector.py [line:27] DEBUG success getting 603069 data in 2017-02-01.
Sun, 09 Apr 2017 17:53:51 collector.py [line:27] DEBUG success getting 603069 data in 2017-01-05.
Sun, 09 Apr 2017 17:53:51 collector.py [line:27] DEBUG success getting 603069 data in 2017-02-17.
Sun, 09 Apr 2017 17:53:53 collector.py [line:27] DEBUG success getting 603069 data in 2017-02-20.
Sun, 09 Apr 2017 17:53:54 collector.py [line:27] DEBUG success getting 603069 data in 2017-02-22.
Sun, 09 Apr 2017 17:53:55 collector.py [line:27] DEBUG success getting 603069 data in 2017-02-10.
Sun, 09 Apr 2017 17:53:58 collector.py [line:27] DEBUG success getting 603069 data in 2017-01-09.
Sun, 09 Apr 2017 17:54:00 collector.py [line:27] DEBUG success getting 603069 data in 2017-02-23.
Sun, 09 Apr 2017 17:54:01 collector.py [line:27] DEBUG success getting 603069 data in 2017-02-28.
Sun, 09 Apr 2017 17:54:02 collector.py [line:27] DEBUG success getting 603069 data in 2017-02-06.
Sun, 09 Apr 2017 17:54:02 collector.py [line:27] DEBUG success getting 603069 data in 2017-03-03.
Sun, 09 Apr 2017 17:54:02 collector.py [line:27] DEBUG success getting 603069 data in 2016-12-23.
Sun, 09 Apr 2017 17:54:03 collector.py [line:27] DEBUG success getting 603069 data in 2017-03-02.
Sun, 09 Apr 2017 17:54:05 collector.py [line:27] DEBUG success getting 603069 data in 2017-02-27.
Sun, 09 Apr 2017 17:54:06 collector.py [line:27] DEBUG success getting 603069 data in 2017-02-16.
Sun, 09 Apr 2017 17:54:06 collector.py [line:27] DEBUG success getting 603069 data in 2017-02-13.
Sun, 09 Apr 2017 17:54:06 collector.py [line:27] DEBUG success getting 603069 data in 2017-02-24.
Sun, 09 Apr 2017 17:54:06 collector.py [line:27] DEBUG success getting 603069 data in 2017-03-01.
Sun, 09 Apr 2017 17:54:08 collector.py [line:27] DEBUG success getting 603069 data in 2017-02-14.
Sun, 09 Apr 2017 17:54:09 collector.py [line:27] DEBUG success getting 603069 data in 2016-11-24.
Sun, 09 Apr 2017 17:54:09 collector.py [line:27] DEBUG success getting 603069 data in 2017-01-25.
Sun, 09 Apr 2017 17:54:09 collector.py [line:33] ERROR IOError: tushare get_tick_data function failed. info: 获取失败，请检查网络和URL
Sun, 09 Apr 2017 17:54:09 collector.py [line:27] DEBUG success getting 603069 data in 2017-03-10.
Sun, 09 Apr 2017 17:54:11 collector.py [line:27] DEBUG success getting 603069 data in 2017-03-08.
Sun, 09 Apr 2017 17:54:12 collector.py [line:27] DEBUG success getting 603069 data in 2017-03-13.
Sun, 09 Apr 2017 17:54:12 collector.py [line:27] DEBUG success getting 603069 data in 2017-03-14.
Sun, 09 Apr 2017 17:54:16 collector.py [line:27] DEBUG success getting 603069 data in 2017-03-27.
Sun, 09 Apr 2017 17:54:16 collector.py [line:27] DEBUG success getting 603069 data in 2017-03-24.
Sun, 09 Apr 2017 17:54:19 collector.py [line:27] DEBUG success getting 603069 data in 2017-03-29.
Sun, 09 Apr 2017 17:54:19 collector.py [line:27] DEBUG success getting 603069 data in 2017-03-30.
Sun, 09 Apr 2017 17:54:19 collector.py [line:27] DEBUG success getting 603069 data in 2017-03-06.
Sun, 09 Apr 2017 17:54:21 collector.py [line:27] DEBUG success getting 603069 data in 2017-04-04.
Sun, 09 Apr 2017 17:54:21 collector.py [line:27] DEBUG success getting 603069 data in 2017-03-31.
Sun, 09 Apr 2017 17:54:22 collector.py [line:27] DEBUG success getting 603069 data in 2017-03-15.
Sun, 09 Apr 2017 17:54:22 collector.py [line:27] DEBUG success getting 603069 data in 2017-04-03.
Sun, 09 Apr 2017 17:54:23 collector.py [line:27] DEBUG success getting 603069 data in 2017-03-17.
Sun, 09 Apr 2017 17:54:25 collector.py [line:27] DEBUG success getting 603069 data in 2017-03-09.
Sun, 09 Apr 2017 17:54:27 collector.py [line:27] DEBUG success getting 603069 data in 2017-04-06.
Sun, 09 Apr 2017 17:54:27 collector.py [line:27] DEBUG success getting 603069 data in 2017-01-13.
Sun, 09 Apr 2017 17:54:28 collector.py [line:27] DEBUG success getting 603069 data in 2017-03-20.
Sun, 09 Apr 2017 17:54:29 collector.py [line:27] DEBUG success getting 603069 data in 2017-03-23.
Sun, 09 Apr 2017 17:54:33 collector.py [line:27] DEBUG success getting 603069 data in 2017-04-07.
Sun, 09 Apr 2017 17:54:38 collector.py [line:27] DEBUG success getting 603069 data in 2017-03-07.
Sun, 09 Apr 2017 17:54:39 collector.py [line:27] DEBUG success getting 603069 data in 2017-03-28.
Sun, 09 Apr 2017 17:54:39 collector.py [line:27] DEBUG success getting 603069 data in 2017-03-22.
Sun, 09 Apr 2017 17:54:40 collector.py [line:27] DEBUG success getting 603069 data in 2017-03-16.
Sun, 09 Apr 2017 17:54:45 collector.py [line:27] DEBUG success getting 603069 data in 2017-04-05.
Sun, 09 Apr 2017 17:54:47 collector.py [line:27] DEBUG success getting 603069 data in 2017-02-07.
Sun, 09 Apr 2017 17:54:51 collector.py [line:33] ERROR IOError: tushare get_tick_data function failed. info: 获取失败，请检查网络和URL
Sun, 09 Apr 2017 17:55:00 collector.py [line:27] DEBUG success getting 603069 data in 2017-03-21.
Sun, 09 Apr 2017 17:55:13 collector.py [line:27] DEBUG success getting 603069 data in 2017-02-21.
Sun, 09 Apr 2017 17:55:32 collector.py [line:33] ERROR IOError: tushare get_tick_data function failed. info: 获取失败，请检查网络和URL
Sun, 09 Apr 2017 17:55:32 controller.py [line:132] INFO Stock download finished in 0:04:16.079412s
